android/app/build/intermediates/manifest_merge_blame_file/debug/manifest-merger-blame-debug-report.txt
1<?xml version="1.0" encoding="utf-8"?>
2<manifest xmlns:android="http://schemas.android.com/apk/res/android"
3    package="com.qr_scanner"
4    android:versionCode="1"
5    android:versionName="1.0" >
6
7    <uses-sdk
8        android:minSdkVersion="21"
9        android:targetSdkVersion="30" />
10
11    <uses-permission android:name="android.permission.SYSTEM_ALERT_WINDOW" />
11-->src\debug\AndroidManifest.xml:5:5-77
11-->src\debug\AndroidManifest.xml:5:22-75
12    <uses-permission android:name="android.permission.INTERNET" />
12-->src\main\AndroidManifest.xml:4:5-67
12-->src\main\AndroidManifest.xml:4:22-64
13    <uses-permission android:name="android.permission.VIBRATE" />
13-->src\main\AndroidManifest.xml:5:5-65
13-->src\main\AndroidManifest.xml:5:22-63
14    <uses-permission android:name="android.permission.ACCESS_WIFI_STATE" />
14-->[com.facebook.flipper:flipper:0.99.0] AndroidManifest.xml:16:5-76
14-->[com.facebook.flipper:flipper:0.99.0] AndroidManifest.xml:16:22-73
15    <uses-permission android:name="android.permission.CAMERA" />
15-->[:react-native-camera] AndroidManifest.xml:9:5-65
15-->[:react-native-camera] AndroidManifest.xml:9:22-62
16
17    <uses-feature
17-->[:react-native-camera] AndroidManifest.xml:11:5-13:36
18        android:name="android.hardware.camera"
18-->[:react-native-camera] AndroidManifest.xml:12:9-47
19        android:required="false" />
19-->[:react-native-camera] AndroidManifest.xml:13:9-33
20    <uses-feature
20-->[:react-native-camera] AndroidManifest.xml:14:5-16:36
21        android:name="android.hardware.camera.autofocus"
21-->[:react-native-camera] AndroidManifest.xml:15:9-57
22        android:required="false" /> <!-- Although the *SdkVersion is captured in gradle build files, this is required for non gradle builds -->
22-->[:react-native-camera] AndroidManifest.xml:16:9-33
23    <!-- <uses-sdk android:minSdkVersion="14"/> -->
24    <uses-permission android:name="android.permission.ACCESS_NETWORK_STATE" />
24-->[com.google.android.datatransport:transport-backend-cct:2.3.3] AndroidManifest.xml:25:5-79
24-->[com.google.android.datatransport:transport-backend-cct:2.3.3] AndroidManifest.xml:25:22-76
25
26    <application
26-->src\main\AndroidManifest.xml:7:5-25:19
27        android:name="com.qr_scanner.MainApplication"
27-->src\main\AndroidManifest.xml:8:7-38
28        android:allowBackup="false"
28-->src\main\AndroidManifest.xml:12:7-34
29        android:appComponentFactory="androidx.core.app.CoreComponentFactory"
29-->[androidx.core:core:1.5.0] AndroidManifest.xml:24:18-86
30        android:debuggable="true"
31        android:icon="@mipmap/ic_launcher"
31-->src\main\AndroidManifest.xml:10:7-41
32        android:label="@string/app_name"
32-->src\main\AndroidManifest.xml:9:7-39
33        android:roundIcon="@mipmap/ic_launcher_round"
33-->src\main\AndroidManifest.xml:11:7-52
34        android:theme="@style/AppTheme"
34-->src\main\AndroidManifest.xml:13:7-38
35        android:usesCleartextTraffic="true" >
35-->src\debug\AndroidManifest.xml:8:9-44
36        <activity android:name="com.facebook.react.devsupport.DevSettingsActivity" />
36-->src\debug\AndroidManifest.xml:11:9-86
36-->src\debug\AndroidManifest.xml:11:19-83
37        <activity
37-->src\main\AndroidManifest.xml:14:7-24:18
38            android:name="com.qr_scanner.MainActivity"
38-->src\main\AndroidManifest.xml:15:9-37
39            android:configChanges="keyboard|keyboardHidden|orientation|screenSize|uiMode"
39-->src\main\AndroidManifest.xml:17:9-86
40            android:label="@string/app_name"
40-->src\main\AndroidManifest.xml:16:9-41
41            android:launchMode="singleTask"
41-->src\main\AndroidManifest.xml:18:9-40
42            android:windowSoftInputMode="adjustResize" >
42-->src\main\AndroidManifest.xml:19:9-51
43            <intent-filter>
43-->src\main\AndroidManifest.xml:20:9-23:25
44                <action android:name="android.intent.action.MAIN" />
44-->src\main\AndroidManifest.xml:21:13-65
44-->src\main\AndroidManifest.xml:21:21-62
45
46                <category android:name="android.intent.category.LAUNCHER" />
46-->src\main\AndroidManifest.xml:22:13-73
46-->src\main\AndroidManifest.xml:22:23-70
47            </intent-filter>
48        </activity>
49
50        <service
50-->[com.google.android.gms:play-services-mlkit-barcode-scanning:16.2.0] AndroidManifest.xml:9:9-15:19
51            android:name="com.google.mlkit.common.internal.MlKitComponentDiscoveryService"
51-->[com.google.android.gms:play-services-mlkit-barcode-scanning:16.2.0] AndroidManifest.xml:10:13-91
52            android:directBootAware="true"
52-->[com.google.mlkit:common:17.2.0] AndroidManifest.xml:17:13-43
53            android:exported="false" >
53-->[com.google.android.gms:play-services-mlkit-barcode-scanning:16.2.0] AndroidManifest.xml:11:13-37
54            <meta-data
54-->[com.google.android.gms:play-services-mlkit-barcode-scanning:16.2.0] AndroidManifest.xml:12:13-14:85
55                android:name="com.google.firebase.components:com.google.mlkit.vision.barcode.internal.BarcodeRegistrar"
55-->[com.google.android.gms:play-services-mlkit-barcode-scanning:16.2.0] AndroidManifest.xml:13:17-120
56                android:value="com.google.firebase.components.ComponentRegistrar" />
56-->[com.google.android.gms:play-services-mlkit-barcode-scanning:16.2.0] AndroidManifest.xml:14:17-82
57            <meta-data
57-->[com.google.android.gms:play-services-mlkit-face-detection:16.2.0] AndroidManifest.xml:12:13-14:85
58                android:name="com.google.firebase.components:com.google.mlkit.vision.face.internal.FaceRegistrar"
58-->[com.google.android.gms:play-services-mlkit-face-detection:16.2.0] AndroidManifest.xml:13:17-114
59                android:value="com.google.firebase.components.ComponentRegistrar" />
59-->[com.google.android.gms:play-services-mlkit-face-detection:16.2.0] AndroidManifest.xml:14:17-82
60            <meta-data
60-->[com.google.android.gms:play-services-mlkit-text-recognition:16.3.0] AndroidManifest.xml:12:13-14:85
61                android:name="com.google.firebase.components:com.google.mlkit.vision.text.internal.TextRegistrar"
61-->[com.google.android.gms:play-services-mlkit-text-recognition:16.3.0] AndroidManifest.xml:13:17-114
62                android:value="com.google.firebase.components.ComponentRegistrar" />
62-->[com.google.android.gms:play-services-mlkit-text-recognition:16.3.0] AndroidManifest.xml:14:17-82
63            <meta-data
63-->[com.google.mlkit:vision-common:16.5.0] AndroidManifest.xml:12:13-14:85
64                android:name="com.google.firebase.components:com.google.mlkit.vision.common.internal.VisionCommonRegistrar"
64-->[com.google.mlkit:vision-common:16.5.0] AndroidManifest.xml:13:17-124
65                android:value="com.google.firebase.components.ComponentRegistrar" />
65-->[com.google.mlkit:vision-common:16.5.0] AndroidManifest.xml:14:17-82
66            <meta-data
66-->[com.google.mlkit:common:17.2.0] AndroidManifest.xml:20:13-22:85
67                android:name="com.google.firebase.components:com.google.mlkit.common.internal.CommonComponentRegistrar"
67-->[com.google.mlkit:common:17.2.0] AndroidManifest.xml:21:17-120
68                android:value="com.google.firebase.components.ComponentRegistrar" />
68-->[com.google.mlkit:common:17.2.0] AndroidManifest.xml:22:17-82
69        </service>
70
71        <provider
71-->[com.google.mlkit:common:17.2.0] AndroidManifest.xml:9:9-13:38
72            android:name="com.google.mlkit.common.internal.MlKitInitProvider"
72-->[com.google.mlkit:common:17.2.0] AndroidManifest.xml:10:13-78
73            android:authorities="com.qr_scanner.mlkitinitprovider"
73-->[com.google.mlkit:common:17.2.0] AndroidManifest.xml:11:13-69
74            android:exported="false"
74-->[com.google.mlkit:common:17.2.0] AndroidManifest.xml:12:13-37
75            android:initOrder="99" />
75-->[com.google.mlkit:common:17.2.0] AndroidManifest.xml:13:13-35
76
77        <service
77-->[com.google.android.datatransport:transport-backend-cct:2.3.3] AndroidManifest.xml:29:9-35:19
78            android:name="com.google.android.datatransport.runtime.backends.TransportBackendDiscovery"
78-->[com.google.android.datatransport:transport-backend-cct:2.3.3] AndroidManifest.xml:30:13-103
79            android:exported="false" >
79-->[com.google.android.datatransport:transport-backend-cct:2.3.3] AndroidManifest.xml:31:13-37
80            <meta-data
80-->[com.google.android.datatransport:transport-backend-cct:2.3.3] AndroidManifest.xml:32:13-34:39
81                android:name="backend:com.google.android.datatransport.cct.CctBackendFactory"
81-->[com.google.android.datatransport:transport-backend-cct:2.3.3] AndroidManifest.xml:33:17-94
82                android:value="cct" />
82-->[com.google.android.datatransport:transport-backend-cct:2.3.3] AndroidManifest.xml:34:17-36
83        </service>
84        <service
84-->[com.google.android.datatransport:transport-runtime:2.2.6] AndroidManifest.xml:26:9-30:19
85            android:name="com.google.android.datatransport.runtime.scheduling.jobscheduling.JobInfoSchedulerService"
85-->[com.google.android.datatransport:transport-runtime:2.2.6] AndroidManifest.xml:27:13-117
86            android:exported="false"
86-->[com.google.android.datatransport:transport-runtime:2.2.6] AndroidManifest.xml:28:13-37
87            android:permission="android.permission.BIND_JOB_SERVICE" >
87-->[com.google.android.datatransport:transport-runtime:2.2.6] AndroidManifest.xml:29:13-69
88        </service>
89
90        <receiver
90-->[com.google.android.datatransport:transport-runtime:2.2.6] AndroidManifest.xml:32:9-34:40
91            android:name="com.google.android.datatransport.runtime.scheduling.jobscheduling.AlarmManagerSchedulerBroadcastReceiver"
91-->[com.google.android.datatransport:transport-runtime:2.2.6] AndroidManifest.xml:33:13-132
92            android:exported="false" />
92-->[com.google.android.datatransport:transport-runtime:2.2.6] AndroidManifest.xml:34:13-37
93
94        <activity
94-->[com.google.android.gms:play-services-base:17.6.0] AndroidManifest.xml:23:9-26:75
95            android:name="com.google.android.gms.common.api.GoogleApiActivity"
95-->[com.google.android.gms:play-services-base:17.6.0] AndroidManifest.xml:24:13-79
96            android:exported="false"
96-->[com.google.android.gms:play-services-base:17.6.0] AndroidManifest.xml:25:13-37
97            android:theme="@android:style/Theme.Translucent.NoTitleBar" />
97-->[com.google.android.gms:play-services-base:17.6.0] AndroidManifest.xml:26:13-72
98
99        <meta-data
99-->[com.google.android.gms:play-services-basement:17.6.0] AndroidManifest.xml:23:9-25:69
100            android:name="com.google.android.gms.version"
100-->[com.google.android.gms:play-services-basement:17.6.0] AndroidManifest.xml:24:13-58
101            android:value="@integer/google_play_services_version" />
101-->[com.google.android.gms:play-services-basement:17.6.0] AndroidManifest.xml:25:13-66
102    </application>
103
104</manifest>